app/build/outputs/apk/manifest-merger-debug-report.txt
-- Merging decision tree log ---
manifest
ADDED from AndroidManifest.xml:2:1
	package
		ADDED from AndroidManifest.xml:5:5
		INJECTED from AndroidManifest.xml:0:0
		INJECTED from AndroidManifest.xml:0:0
	android:versionName
		ADDED from AndroidManifest.xml:4:5
		INJECTED from AndroidManifest.xml:0:0
		INJECTED from AndroidManifest.xml:0:0
	android:versionCode
		ADDED from AndroidManifest.xml:3:5
		INJECTED from AndroidManifest.xml:0:0
		INJECTED from AndroidManifest.xml:0:0
	xmlns:android
		ADDED from AndroidManifest.xml:2:11
supports-screens
ADDED from AndroidManifest.xml:7:5
	android:largeScreens
		ADDED from AndroidManifest.xml:8:9
	android:smallScreens
		ADDED from AndroidManifest.xml:10:9
	android:normalScreens
		ADDED from AndroidManifest.xml:9:9
	android:xlargeScreens
		ADDED from AndroidManifest.xml:11:9
	android:anyDensity
		ADDED from AndroidManifest.xml:7:23
uses-sdk
ADDED from AndroidManifest.xml:13:5
MERGED from com.android.support:appcompat-v7:23.1.1:20:5
MERGED from com.android.support:support-v4:23.1.1:20:5
	android:targetSdkVersion
		ADDED from AndroidManifest.xml:15:9
		INJECTED from AndroidManifest.xml:0:0
		INJECTED from AndroidManifest.xml:0:0
	android:minSdkVersion
		ADDED from AndroidManifest.xml:14:9
		INJECTED from AndroidManifest.xml:0:0
		INJECTED from AndroidManifest.xml:0:0
uses-permission#android.permission.INTERNET
ADDED from AndroidManifest.xml:17:5
	android:name
		ADDED from AndroidManifest.xml:17:22
uses-permission#android.permission.ACCESS_NETWORK_STATE
ADDED from AndroidManifest.xml:18:5
	android:name
		ADDED from AndroidManifest.xml:18:22
uses-permission#android.permission.RECEIVE_BOOT_COMPLETED
ADDED from AndroidManifest.xml:19:5
	android:name
		ADDED from AndroidManifest.xml:19:22
uses-permission#android.permission.VIBRATE
ADDED from AndroidManifest.xml:20:5
	android:name
		ADDED from AndroidManifest.xml:20:22
uses-permission#android.permission.WAKE_LOCK
ADDED from AndroidManifest.xml:21:5
	android:name
		ADDED from AndroidManifest.xml:21:22
uses-permission#android.permission.GET_ACCOUNTS
ADDED from AndroidManifest.xml:22:5
	android:name
		ADDED from AndroidManifest.xml:22:22
uses-permission#com.google.android.c2dm.permission.RECEIVE
ADDED from AndroidManifest.xml:23:5
	android:name
		ADDED from AndroidManifest.xml:23:22
permission#com.coollive.permission.C2D_MESSAGE
ADDED from AndroidManifest.xml:24:5
	android:protectionLevel
		ADDED from AndroidManifest.xml:24:68
	android:name
		ADDED from AndroidManifest.xml:24:17
uses-permission#com.coollive.permission.C2D_MESSAGE
ADDED from AndroidManifest.xml:25:5
	android:name
		ADDED from AndroidManifest.xml:25:22
application
ADDED from AndroidManifest.xml:27:5
MERGED from com.android.support:appcompat-v7:23.1.1:22:5
MERGED from com.android.support:support-v4:23.1.1:22:5
	android:label
		ADDED from AndroidManifest.xml:29:9
	android:allowBackup
		ADDED from AndroidManifest.xml:27:18
	android:icon
		ADDED from AndroidManifest.xml:28:9
	android:theme
		ADDED from AndroidManifest.xml:31:9
	android:name
		ADDED from AndroidManifest.xml:30:9
activity#com.coollive.IntroActivity
ADDED from AndroidManifest.xml:32:9
	android:screenOrientation
		ADDED from AndroidManifest.xml:34:13
	android:label
		ADDED from AndroidManifest.xml:32:19
	android:name
		ADDED from AndroidManifest.xml:33:13
intent-filter#android.intent.action.MAIN+android.intent.category.LAUNCHER
ADDED from AndroidManifest.xml:35:13
action#android.intent.action.MAIN
ADDED from AndroidManifest.xml:36:17
	android:name
		ADDED from AndroidManifest.xml:36:25
category#android.intent.category.LAUNCHER
ADDED from AndroidManifest.xml:37:17
	android:name
		ADDED from AndroidManifest.xml:37:27
activity#com.coollive.MainActivity
ADDED from AndroidManifest.xml:40:9
	android:screenOrientation
		ADDED from AndroidManifest.xml:42:13
	android:name
		ADDED from AndroidManifest.xml:41:13
activity#com.coollive.PopupNotiActivity
ADDED from AndroidManifest.xml:44:9
	android:theme
		ADDED from AndroidManifest.xml:44:65
	android:name
		ADDED from AndroidManifest.xml:44:19
activity#com.coollive.AppInfoActivity
ADDED from AndroidManifest.xml:45:9
	android:theme
		ADDED from AndroidManifest.xml:45:63
	android:name
		ADDED from AndroidManifest.xml:45:19
service#com.parse.PushService
ADDED from AndroidManifest.xml:48:3
	android:name
		ADDED from AndroidManifest.xml:48:12
receiver#com.parse.ParseBroadcastReceiver
ADDED from AndroidManifest.xml:49:3
	android:name
		ADDED from AndroidManifest.xml:49:13
intent-filter#android.intent.action.BOOT_COMPLETED+android.intent.action.USER_PRESENT
ADDED from AndroidManifest.xml:50:5
action#android.intent.action.BOOT_COMPLETED
ADDED from AndroidManifest.xml:51:7
	android:name
		ADDED from AndroidManifest.xml:51:15
action#android.intent.action.USER_PRESENT
ADDED from AndroidManifest.xml:52:7
	android:name
		ADDED from AndroidManifest.xml:52:15
receiver#com.parse.GcmBroadcastReceiver
ADDED from AndroidManifest.xml:55:3
	android:permission
		ADDED from AndroidManifest.xml:56:7
	android:name
		ADDED from AndroidManifest.xml:55:13
intent-filter#com.coollive+com.google.android.c2dm.intent.RECEIVE+com.google.android.c2dm.intent.REGISTRATION
ADDED from AndroidManifest.xml:57:5
action#com.google.android.c2dm.intent.RECEIVE
ADDED from AndroidManifest.xml:58:7
	android:name
		ADDED from AndroidManifest.xml:58:15
action#com.google.android.c2dm.intent.REGISTRATION
ADDED from AndroidManifest.xml:59:7
	android:name
		ADDED from AndroidManifest.xml:59:15
category#com.coollive
ADDED from AndroidManifest.xml:64:7
	android:name
		ADDED from AndroidManifest.xml:64:17
receiver#com.parse.ParsePushBroadcastReceiver
ADDED from AndroidManifest.xml:67:3
	android:exported
		ADDED from AndroidManifest.xml:67:65
	android:name
		ADDED from AndroidManifest.xml:67:13
intent-filter#com.parse.push.intent.DELETE+com.parse.push.intent.OPEN+com.parse.push.intent.RECEIVE
ADDED from AndroidManifest.xml:68:5
action#com.parse.push.intent.RECEIVE
ADDED from AndroidManifest.xml:69:7
	android:name
		ADDED from AndroidManifest.xml:69:15
action#com.parse.push.intent.DELETE
ADDED from AndroidManifest.xml:70:7
	android:name
		ADDED from AndroidManifest.xml:70:15
action#com.parse.push.intent.OPEN
ADDED from AndroidManifest.xml:71:7
	android:name
		ADDED from AndroidManifest.xml:71:15
meta-data#com.parse.push.notification_icon
ADDED from AndroidManifest.xml:74:3
	android:resource
		ADDED from AndroidManifest.xml:74:62
	android:name
		ADDED from AndroidManifest.xml:74:14